[2023-07-18 07:38:22] laravel.EMERGENCY: Unable to create configured logger. Using emergency logger. {"exception":"[object] (InvalidArgumentException(code: 0): Log [] is not defined. at D:\\xampp\\htdocs\\ecomm\\vendor\\laravel\\framework\\src\\Illuminate\\Log\\LogManager.php:200)
[stacktrace]
#0 D:\\xampp\\htdocs\\ecomm\\vendor\\laravel\\framework\\src\\Illuminate\\Log\\LogManager.php(125): Illuminate\\Log\\LogManager->resolve(NULL, NULL)
#1 D:\\xampp\\htdocs\\ecomm\\vendor\\laravel\\framework\\src\\Illuminate\\Log\\LogManager.php(112): Illuminate\\Log\\LogManager->get(NULL)
#2 D:\\xampp\\htdocs\\ecomm\\vendor\\laravel\\framework\\src\\Illuminate\\Log\\LogManager.php(590): Illuminate\\Log\\LogManager->driver()
#3 D:\\xampp\\htdocs\\ecomm\\vendor\\laravel\\framework\\src\\Illuminate\\Foundation\\Exceptions\\Handler.php(252): Illuminate\\Log\\LogManager->error('Facade does not...', Array)
#4 D:\\xampp\\htdocs\\ecomm\\vendor\\laravel\\framework\\src\\Illuminate\\Foundation\\Console\\Kernel.php(366): Illuminate\\Foundation\\Exceptions\\Handler->report(Object(RuntimeException))
#5 D:\\xampp\\htdocs\\ecomm\\vendor\\laravel\\framework\\src\\Illuminate\\Foundation\\Console\\Kernel.php(131): Illuminate\\Foundation\\Console\\Kernel->reportException(Object(RuntimeException))
#6 D:\\xampp\\htdocs\\ecomm\\artisan(37): Illuminate\\Foundation\\Console\\Kernel->handle(Object(Symfony\\Component\\Console\\Input\\ArgvInput), Object(Symfony\\Component\\Console\\Output\\ConsoleOutput))
#7 {main}
"} 
[2023-07-18 07:38:22] laravel.ERROR: Facade does not implement getFacadeAccessor method. {"exception":"[object] (RuntimeException(code: 0): Facade does not implement getFacadeAccessor method. at D:\\xampp\\htdocs\\ecomm\\vendor\\laravel\\framework\\src\\Illuminate\\Support\\Facades\\Facade.php:178)
[stacktrace]
#0 D:\\xampp\\htdocs\\ecomm\\vendor\\laravel\\framework\\src\\Illuminate\\Support\\Facades\\Facade.php(166): Illuminate\\Support\\Facades\\Facade::getFacadeAccessor()
#1 D:\\xampp\\htdocs\\ecomm\\vendor\\laravel\\framework\\src\\Illuminate\\Support\\Facades\\Facade.php(255): Illuminate\\Support\\Facades\\Facade::getFacadeRoot()
#2 D:\\xampp\\htdocs\\ecomm\\config\\app.php(211): Illuminate\\Support\\Facades\\Facade::__callStatic('defaultAliases', Array)
#3 D:\\xampp\\htdocs\\ecomm\\vendor\\laravel\\framework\\src\\Illuminate\\Foundation\\Bootstrap\\LoadConfiguration.php(72): require('D:\\\\xampp\\\\htdocs...')
#4 D:\\xampp\\htdocs\\ecomm\\vendor\\laravel\\framework\\src\\Illuminate\\Foundation\\Bootstrap\\LoadConfiguration.php(39): Illuminate\\Foundation\\Bootstrap\\LoadConfiguration->loadConfigurationFiles(Object(Illuminate\\Foundation\\Application), Object(Illuminate\\Config\\Repository))
#5 D:\\xampp\\htdocs\\ecomm\\vendor\\laravel\\framework\\src\\Illuminate\\Foundation\\Application.php(237): Illuminate\\Foundation\\Bootstrap\\LoadConfiguration->bootstrap(Object(Illuminate\\Foundation\\Application))
#6 D:\\xampp\\htdocs\\ecomm\\vendor\\laravel\\framework\\src\\Illuminate\\Foundation\\Console\\Kernel.php(310): Illuminate\\Foundation\\Application->bootstrapWith(Array)
#7 D:\\xampp\\htdocs\\ecomm\\vendor\\laravel\\framework\\src\\Illuminate\\Foundation\\Console\\Kernel.php(127): Illuminate\\Foundation\\Console\\Kernel->bootstrap()
#8 D:\\xampp\\htdocs\\ecomm\\artisan(37): Illuminate\\Foundation\\Console\\Kernel->handle(Object(Symfony\\Component\\Console\\Input\\ArgvInput), Object(Symfony\\Component\\Console\\Output\\ConsoleOutput))
#9 {main}
"} 
